{"/Users/cristiano/Desktop/teste/react-native-spacex/src/components/Animations/Load/index.tsx": {"path":"/Users/cristiano/Desktop/teste/react-native-spacex/src/components/Animations/Load/index.tsx","statementMap":{"0":{"start":{"line":6,"column":2},"end":{"line":16,"column":4}}},"fnMap":{"0":{"name":"Load","decl":{"start":{"line":5,"column":9},"end":{"line":5,"column":13}},"loc":{"start":{"line":5,"column":16},"end":{"line":17,"column":1}},"line":5}},"branchMap":{},"s":{"0":2},"f":{"0":2},"b":{},"_coverageSchema":"1a1c01bbd47fc00a2c39e90264f33305004495a9","hash":"f3c9cdc0c546d4fd96554d79e89e78a2b49737f7"}
,"/Users/cristiano/Desktop/teste/react-native-spacex/src/components/Button/index.tsx": {"path":"/Users/cristiano/Desktop/teste/react-native-spacex/src/components/Button/index.tsx","statementMap":{"0":{"start":{"line":21,"column":2},"end":{"line":32,"column":4}}},"fnMap":{"0":{"name":"Button","decl":{"start":{"line":14,"column":9},"end":{"line":14,"column":15}},"loc":{"start":{"line":20,"column":17},"end":{"line":33,"column":1}},"line":20}},"branchMap":{"0":{"loc":{"start":{"line":16,"column":2},"end":{"line":16,"column":17}},"type":"default-arg","locations":[{"start":{"line":16,"column":12},"end":{"line":16,"column":17}}],"line":16},"1":{"loc":{"start":{"line":18,"column":2},"end":{"line":18,"column":17}},"type":"default-arg","locations":[{"start":{"line":18,"column":9},"end":{"line":18,"column":17}}],"line":18},"2":{"loc":{"start":{"line":27,"column":13},"end":{"line":27,"column":51}},"type":"binary-expr","locations":[{"start":{"line":27,"column":13},"end":{"line":27,"column":28}},{"start":{"line":27,"column":32},"end":{"line":27,"column":51}}],"line":27},"3":{"loc":{"start":{"line":30,"column":7},"end":{"line":30,"column":78}},"type":"cond-expr","locations":[{"start":{"line":30,"column":17},"end":{"line":30,"column":25}},{"start":{"line":30,"column":28},"end":{"line":30,"column":78}}],"line":30}},"s":{"0":4},"f":{"0":4},"b":{"0":[1],"1":[1],"2":[4,3],"3":[0,4]},"_coverageSchema":"1a1c01bbd47fc00a2c39e90264f33305004495a9","hash":"b75740c37b3dab84df446b72c42c1b186150e31a"}
,"/Users/cristiano/Desktop/teste/react-native-spacex/src/components/Button/styles.ts": {"path":"/Users/cristiano/Desktop/teste/react-native-spacex/src/components/Button/styles.ts","statementMap":{"0":{"start":{"line":21,"column":20},"end":{"line":27,"column":1}},"1":{"start":{"line":29,"column":25},"end":{"line":35,"column":1}},"2":{"start":{"line":37,"column":19},"end":{"line":41,"column":1}},"3":{"start":{"line":43,"column":25},"end":{"line":51,"column":1}},"4":{"start":{"line":44,"column":26},"end":{"line":44,"column":55}},"5":{"start":{"line":45,"column":30},"end":{"line":45,"column":47}},"6":{"start":{"line":53,"column":27},"end":{"line":58,"column":1}},"7":{"start":{"line":54,"column":30},"end":{"line":54,"column":53}},"8":{"start":{"line":55,"column":32},"end":{"line":55,"column":48}},"9":{"start":{"line":56,"column":25},"end":{"line":56,"column":47}},"10":{"start":{"line":57,"column":42},"end":{"line":57,"column":61}}},"fnMap":{"0":{"name":"(anonymous_0)","decl":{"start":{"line":44,"column":11},"end":{"line":44,"column":12}},"loc":{"start":{"line":44,"column":26},"end":{"line":44,"column":55}},"line":44},"1":{"name":"(anonymous_1)","decl":{"start":{"line":45,"column":16},"end":{"line":45,"column":17}},"loc":{"start":{"line":45,"column":30},"end":{"line":45,"column":47}},"line":45},"2":{"name":"(anonymous_2)","decl":{"start":{"line":54,"column":15},"end":{"line":54,"column":16}},"loc":{"start":{"line":54,"column":30},"end":{"line":54,"column":53}},"line":54},"3":{"name":"(anonymous_3)","decl":{"start":{"line":55,"column":17},"end":{"line":55,"column":18}},"loc":{"start":{"line":55,"column":32},"end":{"line":55,"column":48}},"line":55},"4":{"name":"(anonymous_4)","decl":{"start":{"line":56,"column":11},"end":{"line":56,"column":12}},"loc":{"start":{"line":56,"column":25},"end":{"line":56,"column":47}},"line":56},"5":{"name":"(anonymous_5)","decl":{"start":{"line":57,"column":27},"end":{"line":57,"column":28}},"loc":{"start":{"line":57,"column":42},"end":{"line":57,"column":61}},"line":57}},"branchMap":{"0":{"loc":{"start":{"line":44,"column":26},"end":{"line":44,"column":55}},"type":"cond-expr","locations":[{"start":{"line":44,"column":33},"end":{"line":44,"column":49}},{"start":{"line":44,"column":52},"end":{"line":44,"column":55}}],"line":44}},"s":{"0":1,"1":1,"2":1,"3":1,"4":4,"5":4,"6":1,"7":4,"8":4,"9":4,"10":4},"f":{"0":4,"1":4,"2":4,"3":4,"4":4,"5":4},"b":{"0":[4,0]},"_coverageSchema":"1a1c01bbd47fc00a2c39e90264f33305004495a9","hash":"17409008f3ae09f8da3c9b0ffb45d2d02ca12de1"}
,"/Users/cristiano/Desktop/teste/react-native-spacex/src/components/CardLaunches/index.tsx": {"path":"/Users/cristiano/Desktop/teste/react-native-spacex/src/components/CardLaunches/index.tsx","statementMap":{"0":{"start":{"line":12,"column":51},"end":{"line":44,"column":1}},"1":{"start":{"line":18,"column":23},"end":{"line":18,"column":72}},"2":{"start":{"line":19,"column":22},"end":{"line":19,"column":42}},"3":{"start":{"line":21,"column":2},"end":{"line":43,"column":4}}},"fnMap":{"0":{"name":"(anonymous_0)","decl":{"start":{"line":12,"column":51},"end":{"line":12,"column":52}},"loc":{"start":{"line":17,"column":6},"end":{"line":44,"column":1}},"line":17}},"branchMap":{"0":{"loc":{"start":{"line":30,"column":17},"end":{"line":30,"column":38}},"type":"binary-expr","locations":[{"start":{"line":30,"column":17},"end":{"line":30,"column":22}},{"start":{"line":30,"column":26},"end":{"line":30,"column":38}}],"line":30},"1":{"loc":{"start":{"line":38,"column":13},"end":{"line":38,"column":65}},"type":"binary-expr","locations":[{"start":{"line":38,"column":13},"end":{"line":38,"column":50}},{"start":{"line":38,"column":54},"end":{"line":38,"column":65}}],"line":38}},"s":{"0":1,"1":2,"2":2,"3":2},"f":{"0":2},"b":{"0":[2,0],"1":[2,0]},"_coverageSchema":"1a1c01bbd47fc00a2c39e90264f33305004495a9","hash":"8ac8689b622ab6c7d0999062de56268ded173cee"}
,"/Users/cristiano/Desktop/teste/react-native-spacex/src/components/CardLaunches/styles.ts": {"path":"/Users/cristiano/Desktop/teste/react-native-spacex/src/components/CardLaunches/styles.ts","statementMap":{"0":{"start":{"line":3,"column":25},"end":{"line":11,"column":1}},"1":{"start":{"line":4,"column":37},"end":{"line":4,"column":55}},"2":{"start":{"line":5,"column":31},"end":{"line":5,"column":55}},"3":{"start":{"line":6,"column":34},"end":{"line":6,"column":54}},"4":{"start":{"line":7,"column":28},"end":{"line":7,"column":49}},"5":{"start":{"line":8,"column":34},"end":{"line":8,"column":54}},"6":{"start":{"line":9,"column":37},"end":{"line":9,"column":59}},"7":{"start":{"line":13,"column":27},"end":{"line":18,"column":1}},"8":{"start":{"line":20,"column":25},"end":{"line":24,"column":1}},"9":{"start":{"line":23,"column":33},"end":{"line":23,"column":54}},"10":{"start":{"line":26,"column":20},"end":{"line":31,"column":1}},"11":{"start":{"line":33,"column":22},"end":{"line":38,"column":1}},"12":{"start":{"line":35,"column":26},"end":{"line":35,"column":42}},"13":{"start":{"line":36,"column":32},"end":{"line":36,"column":50}},"14":{"start":{"line":37,"column":30},"end":{"line":37,"column":53}},"15":{"start":{"line":40,"column":24},"end":{"line":45,"column":1}},"16":{"start":{"line":42,"column":26},"end":{"line":42,"column":47}},"17":{"start":{"line":43,"column":32},"end":{"line":43,"column":48}},"18":{"start":{"line":44,"column":30},"end":{"line":44,"column":53}},"19":{"start":{"line":47,"column":24},"end":{"line":52,"column":1}},"20":{"start":{"line":49,"column":26},"end":{"line":49,"column":47}},"21":{"start":{"line":50,"column":32},"end":{"line":50,"column":50}},"22":{"start":{"line":51,"column":30},"end":{"line":51,"column":53}}},"fnMap":{"0":{"name":"(anonymous_0)","decl":{"start":{"line":4,"column":22},"end":{"line":4,"column":23}},"loc":{"start":{"line":4,"column":37},"end":{"line":4,"column":55}},"line":4},"1":{"name":"(anonymous_1)","decl":{"start":{"line":5,"column":16},"end":{"line":5,"column":17}},"loc":{"start":{"line":5,"column":31},"end":{"line":5,"column":55}},"line":5},"2":{"name":"(anonymous_2)","decl":{"start":{"line":6,"column":19},"end":{"line":6,"column":20}},"loc":{"start":{"line":6,"column":34},"end":{"line":6,"column":54}},"line":6},"3":{"name":"(anonymous_3)","decl":{"start":{"line":7,"column":13},"end":{"line":7,"column":14}},"loc":{"start":{"line":7,"column":28},"end":{"line":7,"column":49}},"line":7},"4":{"name":"(anonymous_4)","decl":{"start":{"line":8,"column":19},"end":{"line":8,"column":20}},"loc":{"start":{"line":8,"column":34},"end":{"line":8,"column":54}},"line":8},"5":{"name":"(anonymous_5)","decl":{"start":{"line":9,"column":22},"end":{"line":9,"column":23}},"loc":{"start":{"line":9,"column":37},"end":{"line":9,"column":59}},"line":9},"6":{"name":"(anonymous_6)","decl":{"start":{"line":23,"column":18},"end":{"line":23,"column":19}},"loc":{"start":{"line":23,"column":33},"end":{"line":23,"column":54}},"line":23},"7":{"name":"(anonymous_7)","decl":{"start":{"line":35,"column":11},"end":{"line":35,"column":12}},"loc":{"start":{"line":35,"column":26},"end":{"line":35,"column":42}},"line":35},"8":{"name":"(anonymous_8)","decl":{"start":{"line":36,"column":17},"end":{"line":36,"column":18}},"loc":{"start":{"line":36,"column":32},"end":{"line":36,"column":50}},"line":36},"9":{"name":"(anonymous_9)","decl":{"start":{"line":37,"column":15},"end":{"line":37,"column":16}},"loc":{"start":{"line":37,"column":30},"end":{"line":37,"column":53}},"line":37},"10":{"name":"(anonymous_10)","decl":{"start":{"line":42,"column":11},"end":{"line":42,"column":12}},"loc":{"start":{"line":42,"column":26},"end":{"line":42,"column":47}},"line":42},"11":{"name":"(anonymous_11)","decl":{"start":{"line":43,"column":17},"end":{"line":43,"column":18}},"loc":{"start":{"line":43,"column":32},"end":{"line":43,"column":48}},"line":43},"12":{"name":"(anonymous_12)","decl":{"start":{"line":44,"column":15},"end":{"line":44,"column":16}},"loc":{"start":{"line":44,"column":30},"end":{"line":44,"column":53}},"line":44},"13":{"name":"(anonymous_13)","decl":{"start":{"line":49,"column":11},"end":{"line":49,"column":12}},"loc":{"start":{"line":49,"column":26},"end":{"line":49,"column":47}},"line":49},"14":{"name":"(anonymous_14)","decl":{"start":{"line":50,"column":17},"end":{"line":50,"column":18}},"loc":{"start":{"line":50,"column":32},"end":{"line":50,"column":50}},"line":50},"15":{"name":"(anonymous_15)","decl":{"start":{"line":51,"column":15},"end":{"line":51,"column":16}},"loc":{"start":{"line":51,"column":30},"end":{"line":51,"column":53}},"line":51}},"branchMap":{},"s":{"0":1,"1":2,"2":2,"3":2,"4":2,"5":2,"6":2,"7":1,"8":1,"9":2,"10":1,"11":1,"12":2,"13":2,"14":2,"15":1,"16":2,"17":2,"18":2,"19":1,"20":2,"21":2,"22":2},"f":{"0":2,"1":2,"2":2,"3":2,"4":2,"5":2,"6":2,"7":2,"8":2,"9":2,"10":2,"11":2,"12":2,"13":2,"14":2,"15":2},"b":{},"_coverageSchema":"1a1c01bbd47fc00a2c39e90264f33305004495a9","hash":"e9e3ee5066578c3483d0859fe64214fcc561b273"}
,"/Users/cristiano/Desktop/teste/react-native-spacex/src/theme/index.ts": {"path":"/Users/cristiano/Desktop/teste/react-native-spacex/src/theme/index.ts","statementMap":{"0":{"start":{"line":3,"column":14},"end":{"line":3,"column":44}},"1":{"start":{"line":4,"column":15},"end":{"line":4,"column":46}}},"fnMap":{},"branchMap":{},"s":{"0":3,"1":3},"f":{},"b":{},"_coverageSchema":"1a1c01bbd47fc00a2c39e90264f33305004495a9","hash":"4126b787f7e2cfaf41aea83b0b707b7f0f110a3f"}
,"/Users/cristiano/Desktop/teste/react-native-spacex/src/theme/withTheme.tsx": {"path":"/Users/cristiano/Desktop/teste/react-native-spacex/src/theme/withTheme.tsx","statementMap":{"0":{"start":{"line":5,"column":18},"end":{"line":7,"column":1}},"1":{"start":{"line":6,"column":2},"end":{"line":6,"column":58}}},"fnMap":{"0":{"name":"(anonymous_0)","decl":{"start":{"line":5,"column":18},"end":{"line":5,"column":19}},"loc":{"start":{"line":6,"column":2},"end":{"line":6,"column":58}},"line":6}},"branchMap":{},"s":{"0":2,"1":6},"f":{"0":6},"b":{},"_coverageSchema":"1a1c01bbd47fc00a2c39e90264f33305004495a9","hash":"345fdf5dcd0717ecd77c12c2e47f0a7b07c9b770"}
}
